Performing C SOURCE FILE Test CMAKE_HAVE_LIBC_PTHREAD failed with the following output:
Change Dir: /home/lucas170198/gitrepos/lucas170198/abcg/build/CMakeFiles/CMakeTmp

Run Build Command(s):/usr/bin/ninja cmTC_2c368 && [1/2] Building C object CMakeFiles/cmTC_2c368.dir/src.c.o
[2/2] Linking C executable cmTC_2c368
FAILED: cmTC_2c368 
: && /usr/bin/x86_64-linux-gnu-gcc-10   CMakeFiles/cmTC_2c368.dir/src.c.o -o cmTC_2c368   && :
CMakeFiles/cmTC_2c368.dir/src.c.o: Na função "main":
src.c:(.text+0x3e): referência não definida para "pthread_create"
src.c:(.text+0x4a): referência não definida para "pthread_detach"
src.c:(.text+0x56): referência não definida para "pthread_cancel"
src.c:(.text+0x67): referência não definida para "pthread_join"
src.c:(.text+0x7b): referência não definida para "pthread_atfork"
collect2: error: ld returned 1 exit status
ninja: build stopped: subcommand failed.


Source file was:
#include <pthread.h>

static void* test_func(void* data)
{
  return data;
}

int main(void)
{
  pthread_t thread;
  pthread_create(&thread, NULL, test_func, NULL);
  pthread_detach(thread);
  pthread_cancel(thread);
  pthread_join(thread, NULL);
  pthread_atfork(NULL, NULL, NULL);
  pthread_exit(NULL);

  return 0;
}

Determining if the function pthread_create exists in the pthreads failed with the following output:
Change Dir: /home/lucas170198/gitrepos/lucas170198/abcg/build/CMakeFiles/CMakeTmp

Run Build Command(s):/usr/bin/ninja cmTC_13a49 && [1/2] Building C object CMakeFiles/cmTC_13a49.dir/CheckFunctionExists.c.o
[2/2] Linking C executable cmTC_13a49
FAILED: cmTC_13a49 
: && /usr/bin/x86_64-linux-gnu-gcc-10 -DCHECK_FUNCTION_EXISTS=pthread_create  CMakeFiles/cmTC_13a49.dir/CheckFunctionExists.c.o -o cmTC_13a49  -lpthreads && :
/usr/bin/ld: não foi possível localizar -lpthreads
collect2: error: ld returned 1 exit status
ninja: build stopped: subcommand failed.



